<?xml version="1.0" encoding="utf-8"?><testsuites name="pytest tests"><testsuite name="pytest" errors="0" failures="0" skipped="0" tests="25" time="1.105" timestamp="2026-01-11T11:09:08.710905+00:00" hostname="agent-env-4791a8d9-4fcd-459f-af02-fcec78f7b5b5"><testcase classname="tests.test_accounting_clarity_layers.TestLiabilitiesAPI" name="test_get_liabilities_list" time="0.103" /><testcase classname="tests.test_accounting_clarity_layers.TestLiabilitiesAPI" name="test_get_liabilities_with_status_filter" time="0.053" /><testcase classname="tests.test_accounting_clarity_layers.TestLiabilitiesAPI" name="test_get_liabilities_with_category_filter" time="0.011" /><testcase classname="tests.test_accounting_clarity_layers.TestLiabilitiesAPI" name="test_get_liabilities_summary" time="0.009" /><testcase classname="tests.test_accounting_clarity_layers.TestLiabilitiesAPI" name="test_get_liabilities_summary_has_top_vendors" time="0.014" /><testcase classname="tests.test_accounting_clarity_layers.TestLiabilitiesAPI" name="test_create_liability_admin_only" time="0.012" /><testcase classname="tests.test_accounting_clarity_layers.TestLiabilitiesAPI" name="test_get_single_liability" time="0.075" /><testcase classname="tests.test_accounting_clarity_layers.TestLiabilitiesAPI" name="test_settle_liability" time="0.101" /><testcase classname="tests.test_accounting_clarity_layers.TestLiabilitiesAPI" name="test_settle_liability_full" time="0.064" /><testcase classname="tests.test_accounting_clarity_layers.TestLiabilitiesAPI" name="test_settle_liability_over_amount_fails" time="0.069" /><testcase classname="tests.test_accounting_clarity_layers.TestVendorsAPI" name="test_get_vendors_list" time="0.010" /><testcase classname="tests.test_accounting_clarity_layers.TestPnLSnapshotAPI" name="test_get_pnl_snapshot_month" time="0.014" /><testcase classname="tests.test_accounting_clarity_layers.TestPnLSnapshotAPI" name="test_get_pnl_snapshot_quarter" time="0.055" /><testcase classname="tests.test_accounting_clarity_layers.TestPnLSnapshotAPI" name="test_get_pnl_snapshot_custom_dates" time="0.015" /><testcase classname="tests.test_accounting_clarity_layers.TestPnLSnapshotAPI" name="test_pnl_snapshot_revenue_structure" time="0.013" /><testcase classname="tests.test_accounting_clarity_layers.TestPnLSnapshotAPI" name="test_pnl_snapshot_execution_costs_structure" time="0.053" /><testcase classname="tests.test_accounting_clarity_layers.TestPnLSnapshotAPI" name="test_pnl_snapshot_operating_expenses_structure" time="0.054" /><testcase classname="tests.test_accounting_clarity_layers.TestPnLSnapshotAPI" name="test_pnl_snapshot_cash_vs_accounting_profit" time="0.012" /><testcase classname="tests.test_accounting_clarity_layers.TestProjectProfitAPI" name="test_get_project_profit_requires_project_id" time="0.012" /><testcase classname="tests.test_accounting_clarity_layers.TestProjectProfitAPI" name="test_get_project_profit_structure" time="0.024" /><testcase classname="tests.test_accounting_clarity_layers.TestFounderDashboardLiabilities" name="test_founder_dashboard_includes_liabilities" time="0.049" /><testcase classname="tests.test_accounting_clarity_layers.TestFounderDashboardLiabilities" name="test_founder_dashboard_api" time="0.021" /><testcase classname="tests.test_accounting_clarity_layers.TestLiabilitiesUnauthenticated" name="test_liabilities_requires_auth" time="0.034" /><testcase classname="tests.test_accounting_clarity_layers.TestLiabilitiesUnauthenticated" name="test_liabilities_summary_requires_auth" time="0.034" /><testcase classname="tests.test_accounting_clarity_layers.TestLiabilitiesUnauthenticated" name="test_pnl_snapshot_requires_auth" time="0.038" /></testsuite></testsuites>