<?xml version="1.0" encoding="utf-8"?><testsuites name="pytest tests"><testsuite name="pytest" errors="0" failures="0" skipped="0" tests="18" time="1.768" timestamp="2026-01-11T09:35:03.261244+00:00" hostname="agent-env-4791a8d9-4fcd-459f-af02-fcec78f7b5b5"><testcase classname="tests.test_advance_cash_lock.TestAdvanceCashLockAPIs" name="test_get_lock_config_returns_global_settings" time="0.148" /><testcase classname="tests.test_advance_cash_lock.TestAdvanceCashLockAPIs" name="test_get_lock_config_unauthenticated_returns_401" time="0.110" /><testcase classname="tests.test_advance_cash_lock.TestAdvanceCashLockAPIs" name="test_update_lock_config_as_admin" time="0.129" /><testcase classname="tests.test_advance_cash_lock.TestAdvanceCashLockAPIs" name="test_update_lock_config_invalid_percentage_returns_400" time="0.147" /><testcase classname="tests.test_advance_cash_lock.TestAdvanceCashLockAPIs" name="test_update_lock_config_negative_expense_returns_400" time="0.046" /><testcase classname="tests.test_advance_cash_lock.TestAdvanceCashLockAPIs" name="test_get_project_lock_status_returns_lock_details" time="0.052" /><testcase classname="tests.test_advance_cash_lock.TestAdvanceCashLockAPIs" name="test_get_project_lock_status_nonexistent_returns_404" time="0.040" /><testcase classname="tests.test_advance_cash_lock.TestAdvanceCashLockAPIs" name="test_get_project_lock_status_includes_commitment_breakdown" time="0.093" /><testcase classname="tests.test_advance_cash_lock.TestAdvanceCashLockAPIs" name="test_get_all_projects_lock_status" time="0.048" /><testcase classname="tests.test_advance_cash_lock.TestAdvanceCashLockAPIs" name="test_get_all_projects_lock_status_includes_warning_indicators" time="0.089" /><testcase classname="tests.test_advance_cash_lock.TestAdvanceCashLockAPIs" name="test_override_project_lock_creates_audit_log" time="0.168" /><testcase classname="tests.test_advance_cash_lock.TestAdvanceCashLockAPIs" name="test_override_project_lock_invalid_percentage_returns_400" time="0.134" /><testcase classname="tests.test_advance_cash_lock.TestAdvanceCashLockAPIs" name="test_override_project_lock_nonexistent_project_returns_404" time="0.086" /><testcase classname="tests.test_advance_cash_lock.TestAdvanceCashLockAPIs" name="test_remove_project_lock_override_reverts_to_default" time="0.137" /><testcase classname="tests.test_advance_cash_lock.TestAdvanceCashLockAPIs" name="test_remove_nonexistent_override_returns_404" time="0.058" /><testcase classname="tests.test_advance_cash_lock.TestAdvanceCashLockAPIs" name="test_get_safe_use_summary_returns_dashboard_data" time="0.043" /><testcase classname="tests.test_advance_cash_lock.TestAdvanceCashLockAPIs" name="test_get_safe_use_summary_unauthenticated_returns_401" time="0.066" /><testcase classname="tests.test_advance_cash_lock.TestAdvanceCashLockAPIs" name="test_safe_use_summary_includes_top_projects" time="0.051" /></testsuite></testsuites>