<?xml version="1.0" encoding="utf-8"?><testsuites name="pytest tests"><testsuite name="pytest" errors="0" failures="0" skipped="0" tests="24" time="1.625" timestamp="2026-01-11T06:08:28.937999+00:00" hostname="agent-env-d50519d6-6ab3-40f5-8d8d-5d643ef61305"><testcase classname="tests.test_budget_forecast.TestBudgetForecastModule" name="test_get_budget_categories_returns_10_categories" time="0.137" /><testcase classname="tests.test_budget_forecast.TestBudgetForecastModule" name="test_budget_categories_have_required_fields" time="0.087" /><testcase classname="tests.test_budget_forecast.TestBudgetForecastModule" name="test_list_budgets_returns_200" time="0.046" /><testcase classname="tests.test_budget_forecast.TestBudgetForecastModule" name="test_list_budgets_contains_existing_budget" time="0.044" /><testcase classname="tests.test_budget_forecast.TestBudgetForecastModule" name="test_get_current_budget_returns_200" time="0.048" /><testcase classname="tests.test_budget_forecast.TestBudgetForecastModule" name="test_current_budget_has_actuals" time="0.048" /><testcase classname="tests.test_budget_forecast.TestBudgetForecastModule" name="test_create_budget_with_allocations" time="0.062" /><testcase classname="tests.test_budget_forecast.TestBudgetForecastModule" name="test_create_budget_validates_period_type" time="0.048" /><testcase classname="tests.test_budget_forecast.TestBudgetForecastModule" name="test_create_budget_validates_category_keys" time="0.050" /><testcase classname="tests.test_budget_forecast.TestBudgetForecastModule" name="test_activate_budget_endpoint_exists" time="0.046" /><testcase classname="tests.test_budget_forecast.TestBudgetForecastModule" name="test_get_budget_alerts_returns_200" time="0.087" /><testcase classname="tests.test_budget_forecast.TestBudgetForecastModule" name="test_budget_alerts_structure" time="0.085" /><testcase classname="tests.test_budget_forecast.TestBudgetForecastModule" name="test_get_forecast_returns_200" time="0.051" /><testcase classname="tests.test_budget_forecast.TestBudgetForecastModule" name="test_forecast_contains_health_score" time="0.088" /><testcase classname="tests.test_budget_forecast.TestBudgetForecastModule" name="test_forecast_contains_runway" time="0.055" /><testcase classname="tests.test_budget_forecast.TestBudgetForecastModule" name="test_forecast_contains_sales_pressure" time="0.053" /><testcase classname="tests.test_budget_forecast.TestBudgetForecastModule" name="test_forecast_contains_financial_metrics" time="0.089" /><testcase classname="tests.test_budget_forecast.TestBudgetForecastModule" name="test_forecast_contains_monthly_trends" time="0.045" /><testcase classname="tests.test_budget_forecast.TestBudgetForecastModule" name="test_save_forecast_assumptions" time="0.050" /><testcase classname="tests.test_budget_forecast.TestBudgetForecastModule" name="test_get_approval_rules_returns_200" time="0.044" /><testcase classname="tests.test_budget_forecast.TestBudgetForecastModule" name="test_approval_rules_contain_thresholds" time="0.086" /><testcase classname="tests.test_budget_forecast.TestBudgetForecastModule" name="test_spend_thresholds_defined_in_code" time="0.055" /><testcase classname="tests.test_budget_forecast.TestBudgetForecastModule" name="test_unauthenticated_budget_access_returns_401" time="0.067" /><testcase classname="tests.test_budget_forecast.TestBudgetForecastModule" name="test_unauthenticated_forecast_access_returns_401" time="0.067" /></testsuite></testsuites>