<?xml version="1.0" encoding="utf-8"?><testsuites name="pytest tests"><testsuite name="pytest" errors="0" failures="0" skipped="0" tests="19" time="2.016" timestamp="2026-01-11T08:13:13.786870+00:00" hostname="agent-env-acc9e8de-4d8a-4d6e-ba48-15f9f57fcb26"><testcase classname="tests.test_cashbook_guardrails.TestCashbookGuardrails" name="test_review_summary_endpoint_returns_counts" time="0.103" /><testcase classname="tests.test_cashbook_guardrails.TestCashbookGuardrails" name="test_needs_review_endpoint_returns_flagged_transactions" time="0.064" /><testcase classname="tests.test_cashbook_guardrails.TestCashbookGuardrails" name="test_users_for_approval_endpoint" time="0.124" /><testcase classname="tests.test_cashbook_guardrails.TestCashbookGuardrails" name="test_approved_expense_requests_endpoint" time="0.107" /><testcase classname="tests.test_cashbook_guardrails.TestCashbookGuardrails" name="test_petty_cash_transaction_direct_entry" time="0.062" /><testcase classname="tests.test_cashbook_guardrails.TestCashbookGuardrails" name="test_petty_cash_boundary_1000" time="0.114" /><testcase classname="tests.test_cashbook_guardrails.TestCashbookGuardrails" name="test_mid_range_transaction_needs_review" time="0.113" /><testcase classname="tests.test_cashbook_guardrails.TestCashbookGuardrails" name="test_mid_range_boundary_1001" time="0.074" /><testcase classname="tests.test_cashbook_guardrails.TestCashbookGuardrails" name="test_mid_range_boundary_5000" time="0.112" /><testcase classname="tests.test_cashbook_guardrails.TestCashbookGuardrails" name="test_high_value_without_approver_flagged" time="0.113" /><testcase classname="tests.test_cashbook_guardrails.TestCashbookGuardrails" name="test_high_value_with_approver_approved" time="0.149" /><testcase classname="tests.test_cashbook_guardrails.TestCashbookGuardrails" name="test_high_value_boundary_5001" time="0.109" /><testcase classname="tests.test_cashbook_guardrails.TestCashbookGuardrails" name="test_mark_reviewed_endpoint" time="0.133" /><testcase classname="tests.test_cashbook_guardrails.TestCashbookGuardrails" name="test_mark_reviewed_nonexistent_transaction" time="0.070" /><testcase classname="tests.test_cashbook_guardrails.TestCashbookGuardrails" name="test_transaction_includes_accountability_fields" time="0.110" /><testcase classname="tests.test_cashbook_guardrails.TestCashbookGuardrails" name="test_inflow_no_guardrails" time="0.110" /><testcase classname="tests.test_cashbook_guardrails.TestCashbookGuardrails" name="test_review_summary_unauthenticated" time="0.080" /><testcase classname="tests.test_cashbook_guardrails.TestCashbookGuardrails" name="test_needs_review_unauthenticated" time="0.081" /><testcase classname="tests.test_cashbook_guardrails.TestCashbookGuardrails" name="test_users_for_approval_unauthenticated" time="0.093" /></testsuite></testsuites>