<?xml version="1.0" encoding="utf-8"?><testsuites name="pytest tests"><testsuite name="pytest" errors="0" failures="7" skipped="0" tests="13" time="0.643" timestamp="2026-01-11T14:33:36.840570+00:00" hostname="agent-env-7ce52a8e-6d1a-4bbb-ab8d-f1000c5640e1"><testcase classname="tests.test_cashbook_attachments.TestAttachmentAPIs" name="test_upload_pdf_attachment" time="0.157"><failure message="assert 422 == 200&#10; +  where 422 = &lt;Response [422]&gt;.status_code">tests/test_cashbook_attachments.py:59: in test_upload_pdf_attachment
    assert response.status_code == 200
E   assert 422 == 200
E    +  where 422 = &lt;Response [422]&gt;.status_code</failure></testcase><testcase classname="tests.test_cashbook_attachments.TestAttachmentAPIs" name="test_upload_jpg_attachment" time="0.010"><failure message="assert 422 == 200&#10; +  where 422 = &lt;Response [422]&gt;.status_code">tests/test_cashbook_attachments.py:88: in test_upload_jpg_attachment
    assert response.status_code == 200
E   assert 422 == 200
E    +  where 422 = &lt;Response [422]&gt;.status_code</failure></testcase><testcase classname="tests.test_cashbook_attachments.TestAttachmentAPIs" name="test_upload_png_attachment" time="0.009"><failure message="assert 422 == 200&#10; +  where 422 = &lt;Response [422]&gt;.status_code">tests/test_cashbook_attachments.py:111: in test_upload_png_attachment
    assert response.status_code == 200
E   assert 422 == 200
E    +  where 422 = &lt;Response [422]&gt;.status_code</failure></testcase><testcase classname="tests.test_cashbook_attachments.TestAttachmentAPIs" name="test_upload_invalid_file_type_rejected" time="0.014"><failure message="assert 422 == 400&#10; +  where 422 = &lt;Response [422]&gt;.status_code">tests/test_cashbook_attachments.py:131: in test_upload_invalid_file_type_rejected
    assert response.status_code == 400
E   assert 422 == 400
E    +  where 422 = &lt;Response [422]&gt;.status_code</failure></testcase><testcase classname="tests.test_cashbook_attachments.TestAttachmentAPIs" name="test_list_attachments_for_entity" time="0.050"><failure message="assert 422 == 200&#10; +  where 422 = &lt;Response [422]&gt;.status_code">tests/test_cashbook_attachments.py:151: in test_list_attachments_for_entity
    assert upload_resp.status_code == 200
E   assert 422 == 200
E    +  where 422 = &lt;Response [422]&gt;.status_code</failure></testcase><testcase classname="tests.test_cashbook_attachments.TestAttachmentAPIs" name="test_download_attachment" time="0.049"><failure message="assert 422 == 200&#10; +  where 422 = &lt;Response [422]&gt;.status_code">tests/test_cashbook_attachments.py:179: in test_download_attachment
    assert upload_resp.status_code == 200
E   assert 422 == 200
E    +  where 422 = &lt;Response [422]&gt;.status_code</failure></testcase><testcase classname="tests.test_cashbook_attachments.TestAttachmentAPIs" name="test_delete_attachment" time="0.007"><failure message="assert 422 == 200&#10; +  where 422 = &lt;Response [422]&gt;.status_code">tests/test_cashbook_attachments.py:205: in test_delete_attachment
    assert upload_resp.status_code == 200
E   assert 422 == 200
E    +  where 422 = &lt;Response [422]&gt;.status_code</failure></testcase><testcase classname="tests.test_cashbook_attachments.TestCashBookTransactions" name="test_create_transaction_returns_transaction_id" time="0.073" /><testcase classname="tests.test_cashbook_attachments.TestCashBookTransactions" name="test_get_transactions_includes_docs_column_data" time="0.014" /><testcase classname="tests.test_cashbook_attachments.TestProjectFinanceTransactions" name="test_project_finance_includes_transactions" time="0.031" /><testcase classname="tests.test_cashbook_attachments.TestAttachmentPermissions" name="test_unauthenticated_upload_rejected" time="0.038" /><testcase classname="tests.test_cashbook_attachments.TestAttachmentPermissions" name="test_unauthenticated_list_rejected" time="0.033" /><testcase classname="tests.test_cashbook_attachments.TestAttachmentPermissions" name="test_unauthenticated_download_rejected" time="0.039" /></testsuite></testsuites>