<?xml version="1.0" encoding="utf-8"?><testsuites name="pytest tests"><testsuite name="pytest" errors="0" failures="0" skipped="0" tests="25" time="1.357" timestamp="2026-01-11T14:06:47.880212+00:00" hostname="agent-env-7ce52a8e-6d1a-4bbb-ab8d-f1000c5640e1"><testcase classname="tests.test_document_attachments.TestDocumentAttachments" name="test_upload_pdf_attachment" time="0.135" /><testcase classname="tests.test_document_attachments.TestDocumentAttachments" name="test_upload_jpg_attachment" time="0.037" /><testcase classname="tests.test_document_attachments.TestDocumentAttachments" name="test_upload_png_attachment" time="0.039" /><testcase classname="tests.test_document_attachments.TestDocumentAttachments" name="test_upload_liability_attachment" time="0.044" /><testcase classname="tests.test_document_attachments.TestDocumentAttachments" name="test_upload_invalid_file_type" time="0.036" /><testcase classname="tests.test_document_attachments.TestDocumentAttachments" name="test_upload_invalid_entity_type" time="0.036" /><testcase classname="tests.test_document_attachments.TestDocumentAttachments" name="test_upload_missing_entity_id" time="0.040" /><testcase classname="tests.test_document_attachments.TestDocumentAttachments" name="test_upload_unauthenticated" time="0.036" /><testcase classname="tests.test_document_attachments.TestDocumentAttachments" name="test_list_attachments_for_entity" time="0.041" /><testcase classname="tests.test_document_attachments.TestDocumentAttachments" name="test_list_attachments_expense_entity" time="0.035" /><testcase classname="tests.test_document_attachments.TestDocumentAttachments" name="test_list_attachments_project_entity" time="0.041" /><testcase classname="tests.test_document_attachments.TestDocumentAttachments" name="test_list_attachments_liability_entity" time="0.035" /><testcase classname="tests.test_document_attachments.TestDocumentAttachments" name="test_list_attachments_invalid_entity_type" time="0.038" /><testcase classname="tests.test_document_attachments.TestDocumentAttachments" name="test_list_attachments_unauthenticated" time="0.036" /><testcase classname="tests.test_document_attachments.TestDocumentAttachments" name="test_download_attachment" time="0.040" /><testcase classname="tests.test_document_attachments.TestDocumentAttachments" name="test_download_nonexistent_attachment" time="0.036" /><testcase classname="tests.test_document_attachments.TestDocumentAttachments" name="test_download_unauthenticated" time="0.077" /><testcase classname="tests.test_document_attachments.TestDocumentAttachments" name="test_get_attachments_by_ids" time="0.038" /><testcase classname="tests.test_document_attachments.TestDocumentAttachments" name="test_get_attachments_by_ids_empty" time="0.034" /><testcase classname="tests.test_document_attachments.TestDocumentAttachments" name="test_get_attachments_by_ids_unauthenticated" time="0.037" /><testcase classname="tests.test_document_attachments.TestDocumentAttachments" name="test_delete_attachment" time="0.153" /><testcase classname="tests.test_document_attachments.TestDocumentAttachments" name="test_delete_nonexistent_attachment" time="0.041" /><testcase classname="tests.test_document_attachments.TestDocumentAttachments" name="test_delete_unauthenticated" time="0.034" /><testcase classname="tests.test_document_attachments.TestAttachmentMetadata" name="test_attachment_metadata_fields" time="0.073" /><testcase classname="tests.test_document_attachments.TestAttachmentMetadata" name="test_file_path_structure" time="0.036" /></testsuite></testsuites>