<?xml version="1.0" encoding="utf-8"?><testsuites name="pytest tests"><testsuite name="pytest" errors="0" failures="0" skipped="0" tests="32" time="2.909" timestamp="2026-01-11T06:27:00.811982+00:00" hostname="agent-env-acc9e8de-4d8a-4d6e-ba48-15f9f57fcb26"><testcase classname="tests.test_finance_expense_budget_forecast.TestFinanceModule" name="test_get_approval_rules_returns_200" time="0.096" /><testcase classname="tests.test_finance_expense_budget_forecast.TestFinanceModule" name="test_approval_rules_contains_thresholds" time="0.098" /><testcase classname="tests.test_finance_expense_budget_forecast.TestFinanceModule" name="test_approval_rules_contains_rules_array" time="0.062" /><testcase classname="tests.test_finance_expense_budget_forecast.TestFinanceModule" name="test_get_expense_summary_returns_200" time="0.098" /><testcase classname="tests.test_finance_expense_budget_forecast.TestFinanceModule" name="test_expense_summary_contains_required_fields" time="0.063" /><testcase classname="tests.test_finance_expense_budget_forecast.TestFinanceModule" name="test_expense_summary_money_at_risk_is_numeric" time="0.053" /><testcase classname="tests.test_finance_expense_budget_forecast.TestFinanceModule" name="test_get_budget_categories_returns_200" time="0.129" /><testcase classname="tests.test_finance_expense_budget_forecast.TestFinanceModule" name="test_budget_categories_returns_list" time="0.095" /><testcase classname="tests.test_finance_expense_budget_forecast.TestFinanceModule" name="test_budget_categories_have_required_fields" time="0.101" /><testcase classname="tests.test_finance_expense_budget_forecast.TestFinanceModule" name="test_budget_categories_include_expected_keys" time="0.093" /><testcase classname="tests.test_finance_expense_budget_forecast.TestFinanceModule" name="test_get_budgets_returns_200" time="0.093" /><testcase classname="tests.test_finance_expense_budget_forecast.TestFinanceModule" name="test_budgets_returns_list" time="0.096" /><testcase classname="tests.test_finance_expense_budget_forecast.TestFinanceModule" name="test_budget_has_required_structure" time="0.059" /><testcase classname="tests.test_finance_expense_budget_forecast.TestFinanceModule" name="test_create_budget_success" time="0.096" /><testcase classname="tests.test_finance_expense_budget_forecast.TestFinanceModule" name="test_create_budget_validates_period_type" time="0.087" /><testcase classname="tests.test_finance_expense_budget_forecast.TestFinanceModule" name="test_create_budget_validates_category_keys" time="0.097" /><testcase classname="tests.test_finance_expense_budget_forecast.TestFinanceModule" name="test_get_current_budget_returns_200" time="0.050" /><testcase classname="tests.test_finance_expense_budget_forecast.TestFinanceModule" name="test_current_budget_has_actuals_if_exists" time="0.056" /><testcase classname="tests.test_finance_expense_budget_forecast.TestFinanceModule" name="test_get_budget_alerts_returns_200" time="0.099" /><testcase classname="tests.test_finance_expense_budget_forecast.TestFinanceModule" name="test_budget_alerts_returns_alerts_array" time="0.097" /><testcase classname="tests.test_finance_expense_budget_forecast.TestFinanceModule" name="test_get_forecast_returns_200" time="0.052" /><testcase classname="tests.test_finance_expense_budget_forecast.TestFinanceModule" name="test_forecast_contains_health_score" time="0.103" /><testcase classname="tests.test_finance_expense_budget_forecast.TestFinanceModule" name="test_forecast_contains_runway" time="0.104" /><testcase classname="tests.test_finance_expense_budget_forecast.TestFinanceModule" name="test_forecast_contains_sales_pressure" time="0.106" /><testcase classname="tests.test_finance_expense_budget_forecast.TestFinanceModule" name="test_forecast_contains_financial_metrics" time="0.094" /><testcase classname="tests.test_finance_expense_budget_forecast.TestFinanceModule" name="test_forecast_contains_commitments" time="0.055" /><testcase classname="tests.test_finance_expense_budget_forecast.TestFinanceModule" name="test_forecast_contains_monthly_trends" time="0.090" /><testcase classname="tests.test_finance_expense_budget_forecast.TestFinanceModule" name="test_save_forecast_assumptions" time="0.062" /><testcase classname="tests.test_finance_expense_budget_forecast.TestFinanceModule" name="test_get_expense_requests_returns_200" time="0.055" /><testcase classname="tests.test_finance_expense_budget_forecast.TestFinanceModule" name="test_expense_requests_returns_list" time="0.093" /><testcase classname="tests.test_finance_expense_budget_forecast.TestFinanceModule" name="test_unauthenticated_budget_access_returns_401" time="0.116" /><testcase classname="tests.test_finance_expense_budget_forecast.TestFinanceModule" name="test_unauthenticated_forecast_access_returns_401" time="0.114" /></testsuite></testsuites>