<?xml version="1.0" encoding="utf-8"?><testsuites name="pytest tests"><testsuite name="pytest" errors="0" failures="0" skipped="0" tests="24" time="1.673" timestamp="2026-01-11T12:14:58.736628+00:00" hostname="agent-env-7ce52a8e-6d1a-4bbb-ab8d-f1000c5640e1"><testcase classname="tests.test_import_export.TestImportExportModule" name="test_get_export_types_returns_finance_and_crm" time="0.079" /><testcase classname="tests.test_import_export.TestImportExportModule" name="test_export_types_unauthenticated_returns_401" time="0.090" /><testcase classname="tests.test_import_export.TestImportExportModule" name="test_get_import_types_returns_types_with_required_fields" time="0.045" /><testcase classname="tests.test_import_export.TestImportExportModule" name="test_import_types_cashbook_required_fields" time="0.045" /><testcase classname="tests.test_import_export.TestImportExportModule" name="test_export_cashbook_csv" time="0.045" /><testcase classname="tests.test_import_export.TestImportExportModule" name="test_export_leads_excel" time="0.058" /><testcase classname="tests.test_import_export.TestImportExportModule" name="test_export_invalid_data_type_returns_400" time="0.048" /><testcase classname="tests.test_import_export.TestImportExportModule" name="test_export_with_date_filter" time="0.044" /><testcase classname="tests.test_import_export.TestImportExportModule" name="test_download_cashbook_template" time="0.049" /><testcase classname="tests.test_import_export.TestImportExportModule" name="test_download_leads_template" time="0.044" /><testcase classname="tests.test_import_export.TestImportExportModule" name="test_download_template_invalid_type_returns_400" time="0.046" /><testcase classname="tests.test_import_export.TestImportExportModule" name="test_import_preview_with_csv_file" time="0.130" /><testcase classname="tests.test_import_export.TestImportExportModule" name="test_import_preview_validates_required_fields" time="0.079" /><testcase classname="tests.test_import_export.TestImportExportModule" name="test_import_preview_invalid_file_type_returns_400" time="0.079" /><testcase classname="tests.test_import_export.TestImportExportModule" name="test_import_execute_tags_records_as_imported" time="0.185" /><testcase classname="tests.test_import_export.TestImportExportModule" name="test_import_execute_invalid_preview_returns_404" time="0.045" /><testcase classname="tests.test_import_export.TestImportExportModule" name="test_get_import_history" time="0.049" /><testcase classname="tests.test_import_export.TestImportExportModule" name="test_import_history_unauthenticated_returns_401" time="0.071" /><testcase classname="tests.test_import_export.TestImportExportModule" name="test_export_receipts" time="0.059" /><testcase classname="tests.test_import_export.TestImportExportModule" name="test_export_liabilities" time="0.095" /><testcase classname="tests.test_import_export.TestImportExportModule" name="test_export_salaries" time="0.052" /><testcase classname="tests.test_import_export.TestImportExportModule" name="test_export_project_finance" time="0.048" /><testcase classname="tests.test_import_export.TestImportExportModule" name="test_export_projects" time="0.046" /><testcase classname="tests.test_import_export.TestImportExportModule" name="test_export_customers" time="0.050" /></testsuite></testsuites>