<?xml version="1.0" encoding="utf-8"?><testsuites name="pytest tests"><testsuite name="pytest" errors="0" failures="4" skipped="0" tests="24" time="1.719" timestamp="2026-01-11T12:14:04.540108+00:00" hostname="agent-env-7ce52a8e-6d1a-4bbb-ab8d-f1000c5640e1"><testcase classname="tests.test_import_export.TestImportExportModule" name="test_get_export_types_returns_finance_and_crm" time="0.130" /><testcase classname="tests.test_import_export.TestImportExportModule" name="test_export_types_unauthenticated_returns_401" time="0.078" /><testcase classname="tests.test_import_export.TestImportExportModule" name="test_get_import_types_returns_types_with_required_fields" time="0.044" /><testcase classname="tests.test_import_export.TestImportExportModule" name="test_import_types_cashbook_required_fields" time="0.118" /><testcase classname="tests.test_import_export.TestImportExportModule" name="test_export_cashbook_csv" time="0.052" /><testcase classname="tests.test_import_export.TestImportExportModule" name="test_export_leads_excel" time="0.065" /><testcase classname="tests.test_import_export.TestImportExportModule" name="test_export_invalid_data_type_returns_400" time="0.047" /><testcase classname="tests.test_import_export.TestImportExportModule" name="test_export_with_date_filter" time="0.041" /><testcase classname="tests.test_import_export.TestImportExportModule" name="test_download_cashbook_template" time="0.090" /><testcase classname="tests.test_import_export.TestImportExportModule" name="test_download_leads_template" time="0.045" /><testcase classname="tests.test_import_export.TestImportExportModule" name="test_download_template_invalid_type_returns_400" time="0.084" /><testcase classname="tests.test_import_export.TestImportExportModule" name="test_import_preview_with_csv_file" time="0.047"><failure message="AssertionError: Expected 200, got 422: {&quot;detail&quot;:[{&quot;type&quot;:&quot;missing&quot;,&quot;loc&quot;:[&quot;body&quot;,&quot;file&quot;],&quot;msg&quot;:&quot;Field required&quot;,&quot;input&quot;:null,&quot;url&quot;:&quot;https://errors.pydantic.dev/2.12/v/missing&quot;}]}&#10;assert 422 == 200&#10; +  where 422 = &lt;Response [422]&gt;.status_code">tests/test_import_export.py:275: in test_import_preview_with_csv_file
    assert response.status_code == 200, f"Expected 200, got {response.status_code}: {response.text}"
E   AssertionError: Expected 200, got 422: {"detail":[{"type":"missing","loc":["body","file"],"msg":"Field required","input":null,"url":"https://errors.pydantic.dev/2.12/v/missing"}]}
E   assert 422 == 200
E    +  where 422 = &lt;Response [422]&gt;.status_code</failure></testcase><testcase classname="tests.test_import_export.TestImportExportModule" name="test_import_preview_validates_required_fields" time="0.042"><failure message="AssertionError: Expected 200, got 422: {&quot;detail&quot;:[{&quot;type&quot;:&quot;missing&quot;,&quot;loc&quot;:[&quot;body&quot;,&quot;file&quot;],&quot;msg&quot;:&quot;Field required&quot;,&quot;input&quot;:null,&quot;url&quot;:&quot;https://errors.pydantic.dev/2.12/v/missing&quot;}]}&#10;assert 422 == 200&#10; +  where 422 = &lt;Response [422]&gt;.status_code">tests/test_import_export.py:319: in test_import_preview_validates_required_fields
    assert response.status_code == 200, f"Expected 200, got {response.status_code}: {response.text}"
E   AssertionError: Expected 200, got 422: {"detail":[{"type":"missing","loc":["body","file"],"msg":"Field required","input":null,"url":"https://errors.pydantic.dev/2.12/v/missing"}]}
E   assert 422 == 200
E    +  where 422 = &lt;Response [422]&gt;.status_code</failure></testcase><testcase classname="tests.test_import_export.TestImportExportModule" name="test_import_preview_invalid_file_type_returns_400" time="0.041"><failure message="AssertionError: Expected 400, got 422&#10;assert 422 == 400&#10; +  where 422 = &lt;Response [422]&gt;.status_code">tests/test_import_export.py:342: in test_import_preview_invalid_file_type_returns_400
    assert response.status_code == 400, f"Expected 400, got {response.status_code}"
E   AssertionError: Expected 400, got 422
E   assert 422 == 400
E    +  where 422 = &lt;Response [422]&gt;.status_code</failure></testcase><testcase classname="tests.test_import_export.TestImportExportModule" name="test_import_execute_tags_records_as_imported" time="0.039"><failure message="AssertionError: Preview failed: {&quot;detail&quot;:[{&quot;type&quot;:&quot;missing&quot;,&quot;loc&quot;:[&quot;body&quot;,&quot;file&quot;],&quot;msg&quot;:&quot;Field required&quot;,&quot;input&quot;:null,&quot;url&quot;:&quot;https://errors.pydantic.dev/2.12/v/missing&quot;}]}&#10;assert 422 == 200&#10; +  where 422 = &lt;Response [422]&gt;.status_code">tests/test_import_export.py:367: in test_import_execute_tags_records_as_imported
    assert preview_response.status_code == 200, f"Preview failed: {preview_response.text}"
E   AssertionError: Preview failed: {"detail":[{"type":"missing","loc":["body","file"],"msg":"Field required","input":null,"url":"https://errors.pydantic.dev/2.12/v/missing"}]}
E   assert 422 == 200
E    +  where 422 = &lt;Response [422]&gt;.status_code</failure></testcase><testcase classname="tests.test_import_export.TestImportExportModule" name="test_import_execute_invalid_preview_returns_404" time="0.046" /><testcase classname="tests.test_import_export.TestImportExportModule" name="test_get_import_history" time="0.096" /><testcase classname="tests.test_import_export.TestImportExportModule" name="test_import_history_unauthenticated_returns_401" time="0.085" /><testcase classname="tests.test_import_export.TestImportExportModule" name="test_export_receipts" time="0.098" /><testcase classname="tests.test_import_export.TestImportExportModule" name="test_export_liabilities" time="0.051" /><testcase classname="tests.test_import_export.TestImportExportModule" name="test_export_salaries" time="0.043" /><testcase classname="tests.test_import_export.TestImportExportModule" name="test_export_project_finance" time="0.061" /><testcase classname="tests.test_import_export.TestImportExportModule" name="test_export_projects" time="0.053" /><testcase classname="tests.test_import_export.TestImportExportModule" name="test_export_customers" time="0.055" /></testsuite></testsuites>