<?xml version="1.0" encoding="utf-8"?><testsuites name="pytest tests"><testsuite name="pytest" errors="0" failures="0" skipped="0" tests="21" time="2.265" timestamp="2026-01-10T17:11:12.966955+00:00" hostname="agent-env-150e85b6-2688-4b25-ada1-2a01d985d921"><testcase classname="tests.test_receipts_pdf.TestReceiptsAndPDF" name="test_list_receipts" time="0.104" /><testcase classname="tests.test_receipts_pdf.TestReceiptsAndPDF" name="test_get_company_settings" time="0.100" /><testcase classname="tests.test_receipts_pdf.TestReceiptsAndPDF" name="test_update_company_settings" time="0.052" /><testcase classname="tests.test_receipts_pdf.TestReceiptsAndPDF" name="test_get_projects_for_receipt" time="0.066" /><testcase classname="tests.test_receipts_pdf.TestReceiptsAndPDF" name="test_get_accounts_for_receipt" time="0.049" /><testcase classname="tests.test_receipts_pdf.TestReceiptsAndPDF" name="test_create_receipt" time="0.093" /><testcase classname="tests.test_receipts_pdf.TestReceiptsAndPDF" name="test_get_single_receipt" time="0.154" /><testcase classname="tests.test_receipts_pdf.TestReceiptsAndPDF" name="test_generate_pdf" time="0.188" /><testcase classname="tests.test_receipts_pdf.TestReceiptsAndPDF" name="test_pdf_for_existing_receipt" time="0.091" /><testcase classname="tests.test_receipts_pdf.TestReceiptsAndPDF" name="test_receipt_not_found" time="0.047" /><testcase classname="tests.test_receipts_pdf.TestReceiptsAndPDF" name="test_pdf_not_found" time="0.098" /><testcase classname="tests.test_receipts_pdf.TestReceiptsAndPDF" name="test_create_receipt_validation" time="0.048" /><testcase classname="tests.test_receipts_pdf.TestReceiptsListColumns" name="test_receipt_columns" time="0.059" /><testcase classname="tests.test_pdf_premium_design.TestPDFPremiumDesign" name="test_pdf_is_valid" time="0.083" /><testcase classname="tests.test_pdf_premium_design.TestPDFPremiumDesign" name="test_pdf_uses_company_settings" time="0.390" /><testcase classname="tests.test_pdf_premium_design.TestPDFPremiumDesign" name="test_company_settings_fields" time="0.054" /><testcase classname="tests.test_pdf_premium_design.TestProjectFinanceDetailReceipts" name="test_receipts_filtered_by_project" time="0.087" /><testcase classname="tests.test_pdf_premium_design.TestProjectFinanceDetailReceipts" name="test_receipts_section_columns" time="0.104" /><testcase classname="tests.test_pdf_premium_design.TestProjectFinanceDetailReceipts" name="test_receipt_view_details" time="0.115" /><testcase classname="tests.test_pdf_premium_design.TestProjectFinanceDetailReceipts" name="test_project_finance_detail_endpoint" time="0.075" /><testcase classname="tests.test_pdf_premium_design.TestReceiptsTotalCalculation" name="test_receipts_total_matches_project_received" time="0.120" /></testsuite></testsuites>