<?xml version="1.0" encoding="utf-8"?><testsuites name="pytest tests"><testsuite name="pytest" errors="0" failures="0" skipped="0" tests="17" time="1.240" timestamp="2026-01-11T05:43:35.508759+00:00" hostname="agent-env-d50519d6-6ab3-40f5-8d8d-5d643ef61305"><testcase classname="tests.test_permission_editor.TestPermissionEditorAPIs" name="test_get_available_roles_returns_200" time="0.091" /><testcase classname="tests.test_permission_editor.TestPermissionEditorAPIs" name="test_get_available_roles_returns_all_categories" time="0.056" /><testcase classname="tests.test_permission_editor.TestPermissionEditorAPIs" name="test_get_available_roles_contains_all_roles" time="0.050" /><testcase classname="tests.test_permission_editor.TestPermissionEditorAPIs" name="test_get_available_roles_has_required_fields" time="0.046" /><testcase classname="tests.test_permission_editor.TestPermissionEditorAPIs" name="test_get_available_permissions_returns_200_for_admin" time="0.052" /><testcase classname="tests.test_permission_editor.TestPermissionEditorAPIs" name="test_get_available_permissions_contains_crm_groups" time="0.090" /><testcase classname="tests.test_permission_editor.TestPermissionEditorAPIs" name="test_get_available_permissions_contains_finance_groups" time="0.047" /><testcase classname="tests.test_permission_editor.TestPermissionEditorAPIs" name="test_get_available_permissions_includes_default_role_permissions" time="0.051" /><testcase classname="tests.test_permission_editor.TestPermissionEditorAPIs" name="test_get_user_permissions_returns_200" time="0.135" /><testcase classname="tests.test_permission_editor.TestPermissionEditorAPIs" name="test_get_user_permissions_returns_correct_structure" time="0.060" /><testcase classname="tests.test_permission_editor.TestPermissionEditorAPIs" name="test_update_user_permissions_success" time="0.074" /><testcase classname="tests.test_permission_editor.TestPermissionEditorAPIs" name="test_reset_to_role_defaults_success" time="0.104" /><testcase classname="tests.test_permission_editor.TestPermissionEditorAPIs" name="test_permission_counts_crm_vs_finance" time="0.045" /><testcase classname="tests.test_permission_editor.TestPermissionEditorAPIs" name="test_unauthenticated_access_denied" time="0.070" /><testcase classname="tests.test_permission_editor.TestPermissionEditorAPIs" name="test_non_admin_cannot_access_available_permissions" time="0.047" /><testcase classname="tests.test_permission_editor.TestRoleFilterDropdown" name="test_users_endpoint_supports_role_filter" time="0.044" /><testcase classname="tests.test_permission_editor.TestRoleFilterDropdown" name="test_users_endpoint_supports_status_filter" time="0.099" /></testsuite></testsuites>