<?xml version="1.0" encoding="utf-8"?><testsuites name="pytest tests"><testsuite name="pytest" errors="0" failures="0" skipped="0" tests="16" time="0.989" timestamp="2026-01-10T14:22:03.534483+00:00" hostname="agent-env-851b8830-f8d1-4795-b7f2-d5c474d3d266"><testcase classname="tests.test_project_finance.TestProjectFinanceAuth" name="test_login_success" time="0.091" /><testcase classname="tests.test_project_finance.TestVendorCategories" name="test_get_vendor_categories" time="0.056" /><testcase classname="tests.test_project_finance.TestProjectFinanceList" name="test_list_projects_with_finance" time="0.069" /><testcase classname="tests.test_project_finance.TestProjectFinanceList" name="test_list_projects_with_search" time="0.016" /><testcase classname="tests.test_project_finance.TestProjectFinanceList" name="test_find_test_project" time="0.023" /><testcase classname="tests.test_project_finance.TestProjectFinanceDetail" name="test_get_project_finance_detail" time="0.056" /><testcase classname="tests.test_project_finance.TestProjectFinanceDetail" name="test_get_project_finance_detail_not_found" time="0.012" /><testcase classname="tests.test_project_finance.TestVendorMappings" name="test_get_vendor_mappings_for_project" time="0.126" /><testcase classname="tests.test_project_finance.TestVendorMappingCRUD" name="test_create_vendor_mapping" time="0.101" /><testcase classname="tests.test_project_finance.TestVendorMappingCRUD" name="test_update_vendor_mapping" time="0.015" /><testcase classname="tests.test_project_finance.TestVendorMappingCRUD" name="test_delete_vendor_mapping" time="0.105" /><testcase classname="tests.test_project_finance.TestVendorMappingValidation" name="test_create_with_invalid_category" time="0.048" /><testcase classname="tests.test_project_finance.TestVendorMappingValidation" name="test_create_with_invalid_project" time="0.010" /><testcase classname="tests.test_project_finance.TestVendorMappingValidation" name="test_update_nonexistent_mapping" time="0.053" /><testcase classname="tests.test_project_finance.TestVendorMappingValidation" name="test_delete_nonexistent_mapping" time="0.010" /><testcase classname="tests.test_project_finance.TestVendorMappingLocking" name="test_check_locking_status" time="0.053" /></testsuite></testsuites>