<?xml version="1.0" encoding="utf-8"?><testsuites name="pytest tests"><testsuite name="pytest" errors="0" failures="3" skipped="0" tests="26" time="1.770" timestamp="2026-01-11T12:34:21.740270+00:00" hostname="agent-env-7ce52a8e-6d1a-4bbb-ab8d-f1000c5640e1"><testcase classname="tests.test_reports_ca_mode.TestReportsAndCAMode" name="test_get_available_reports_success" time="0.064" /><testcase classname="tests.test_reports_ca_mode.TestReportsAndCAMode" name="test_get_available_reports_unauthenticated" time="0.072" /><testcase classname="tests.test_reports_ca_mode.TestReportsAndCAMode" name="test_cash_flow_report_default_period" time="0.047" /><testcase classname="tests.test_reports_ca_mode.TestReportsAndCAMode" name="test_cash_flow_report_6months_period" time="0.044" /><testcase classname="tests.test_reports_ca_mode.TestReportsAndCAMode" name="test_cash_flow_report_12months_period" time="0.044" /><testcase classname="tests.test_reports_ca_mode.TestReportsAndCAMode" name="test_cash_flow_report_custom_period" time="0.041" /><testcase classname="tests.test_reports_ca_mode.TestReportsAndCAMode" name="test_cash_flow_report_has_monthly_trend" time="0.044" /><testcase classname="tests.test_reports_ca_mode.TestReportsAndCAMode" name="test_cash_flow_report_has_category_breakdown" time="0.084" /><testcase classname="tests.test_reports_ca_mode.TestReportsAndCAMode" name="test_cash_flow_report_has_account_breakdown" time="0.083" /><testcase classname="tests.test_reports_ca_mode.TestReportsAndCAMode" name="test_cash_flow_report_has_project_cash_flow" time="0.086" /><testcase classname="tests.test_reports_ca_mode.TestReportsAndCAMode" name="test_cash_flow_report_unauthenticated" time="0.107" /><testcase classname="tests.test_reports_ca_mode.TestReportsAndCAMode" name="test_project_profitability_report_default" time="0.055" /><testcase classname="tests.test_reports_ca_mode.TestReportsAndCAMode" name="test_project_profitability_report_filter_by_stage" time="0.051" /><testcase classname="tests.test_reports_ca_mode.TestReportsAndCAMode" name="test_project_profitability_report_filter_profitable_only" time="0.054" /><testcase classname="tests.test_reports_ca_mode.TestReportsAndCAMode" name="test_project_profitability_report_filter_loss_only" time="0.056" /><testcase classname="tests.test_reports_ca_mode.TestReportsAndCAMode" name="test_project_profitability_report_sort_by_margin" time="0.056" /><testcase classname="tests.test_reports_ca_mode.TestReportsAndCAMode" name="test_project_profitability_report_sort_by_profit" time="0.051" /><testcase classname="tests.test_reports_ca_mode.TestReportsAndCAMode" name="test_project_profitability_report_project_structure" time="0.055" /><testcase classname="tests.test_reports_ca_mode.TestReportsAndCAMode" name="test_project_profitability_report_top_profitable" time="0.054" /><testcase classname="tests.test_reports_ca_mode.TestReportsAndCAMode" name="test_project_profitability_report_top_loss" time="0.062" /><testcase classname="tests.test_reports_ca_mode.TestReportsAndCAMode" name="test_project_profitability_report_unauthenticated" time="0.066" /><testcase classname="tests.test_reports_ca_mode.TestReportsAndCAMode" name="test_ca_role_exists_in_valid_roles" time="0.080"><failure message="AssertionError: Expected 200, got 404&#10;assert 404 == 200&#10; +  where 404 = &lt;Response [404]&gt;.status_code">tests/test_reports_ca_mode.py:370: in test_ca_role_exists_in_valid_roles
    assert response.status_code == 200, f"Expected 200, got {response.status_code}"
E   AssertionError: Expected 200, got 404
E   assert 404 == 200
E    +  where 404 = &lt;Response [404]&gt;.status_code</failure></testcase><testcase classname="tests.test_reports_ca_mode.TestReportsAndCAMode" name="test_ca_role_permissions" time="0.043"><failure message="AssertionError: Expected 200, got 404&#10;assert 404 == 200&#10; +  where 404 = &lt;Response [404]&gt;.status_code">tests/test_reports_ca_mode.py:388: in test_ca_role_permissions
    assert response.status_code == 200, f"Expected 200, got {response.status_code}"
E   AssertionError: Expected 200, got 404
E   assert 404 == 200
E    +  where 404 = &lt;Response [404]&gt;.status_code</failure></testcase><testcase classname="tests.test_reports_ca_mode.TestReportsAndCAMode" name="test_ca_user_invite" time="0.045"><failure message="AssertionError: assert None == 'CharteredAccountant'&#10; +  where None = &lt;built-in method get of dict object at 0xff62f5fa3080&gt;('role')&#10; +    where &lt;built-in method get of dict object at 0xff62f5fa3080&gt; = {'message': 'Invite sent to test_ca_9e504130@example.com', 'user': {'created_at': '2026-01-11T12:34:23.294859+00:00', 'custom_permissions': False, 'effective_permissions': ['finance.cashbook.view', 'finance.daily_closing.view', 'finance.accounts.view', 'finance.receipts.view', 'finance.receipts.download', 'finance.invoices.view', ...], 'email': 'test_ca_9e504130@example.com', ...}, 'user_id': 'user_dfb54ceb6db7'}.get">tests/test_reports_ca_mode.py:426: in test_ca_user_invite
    assert data.get("role") == "CharteredAccountant"
E   AssertionError: assert None == 'CharteredAccountant'
E    +  where None = &lt;built-in method get of dict object at 0xff62f5fa3080&gt;('role')
E    +    where &lt;built-in method get of dict object at 0xff62f5fa3080&gt; = {'message': 'Invite sent to test_ca_9e504130@example.com', 'user': {'created_at': '2026-01-11T12:34:23.294859+00:00', 'custom_permissions': False, 'effective_permissions': ['finance.cashbook.view', 'finance.daily_closing.view', 'finance.accounts.view', 'finance.receipts.view', 'finance.receipts.download', 'finance.invoices.view', ...], 'email': 'test_ca_9e504130@example.com', ...}, 'user_id': 'user_dfb54ceb6db7'}.get</failure></testcase><testcase classname="tests.test_reports_ca_mode.TestExportFromReports" name="test_export_cashbook_from_cash_flow_report" time="0.109" /><testcase classname="tests.test_reports_ca_mode.TestExportFromReports" name="test_export_project_finance_from_profitability_report" time="0.095" /></testsuite></testsuites>