<?xml version="1.0" encoding="utf-8"?><testsuites name="pytest tests"><testsuite name="pytest" errors="0" failures="0" skipped="26" tests="26" time="1.027" timestamp="2026-01-11T12:33:55.765274+00:00" hostname="agent-env-7ce52a8e-6d1a-4bbb-ab8d-f1000c5640e1"><testcase classname="tests.test_reports_ca_mode.TestReportsAndCAMode" name="test_get_available_reports_success" time="0.070"><skipped type="pytest.skip" message="Login failed - skipping tests">/app/tests/test_reports_ca_mode.py:33: Login failed - skipping tests</skipped></testcase><testcase classname="tests.test_reports_ca_mode.TestReportsAndCAMode" name="test_get_available_reports_unauthenticated" time="0.035"><skipped type="pytest.skip" message="Login failed - skipping tests">/app/tests/test_reports_ca_mode.py:58: Login failed - skipping tests</skipped></testcase><testcase classname="tests.test_reports_ca_mode.TestReportsAndCAMode" name="test_cash_flow_report_default_period" time="0.033"><skipped type="pytest.skip" message="Login failed - skipping tests">/app/tests/test_reports_ca_mode.py:67: Login failed - skipping tests</skipped></testcase><testcase classname="tests.test_reports_ca_mode.TestReportsAndCAMode" name="test_cash_flow_report_6months_period" time="0.044"><skipped type="pytest.skip" message="Login failed - skipping tests">/app/tests/test_reports_ca_mode.py:89: Login failed - skipping tests</skipped></testcase><testcase classname="tests.test_reports_ca_mode.TestReportsAndCAMode" name="test_cash_flow_report_12months_period" time="0.037"><skipped type="pytest.skip" message="Login failed - skipping tests">/app/tests/test_reports_ca_mode.py:98: Login failed - skipping tests</skipped></testcase><testcase classname="tests.test_reports_ca_mode.TestReportsAndCAMode" name="test_cash_flow_report_custom_period" time="0.035"><skipped type="pytest.skip" message="Login failed - skipping tests">/app/tests/test_reports_ca_mode.py:107: Login failed - skipping tests</skipped></testcase><testcase classname="tests.test_reports_ca_mode.TestReportsAndCAMode" name="test_cash_flow_report_has_monthly_trend" time="0.040"><skipped type="pytest.skip" message="Login failed - skipping tests">/app/tests/test_reports_ca_mode.py:120: Login failed - skipping tests</skipped></testcase><testcase classname="tests.test_reports_ca_mode.TestReportsAndCAMode" name="test_cash_flow_report_has_category_breakdown" time="0.037"><skipped type="pytest.skip" message="Login failed - skipping tests">/app/tests/test_reports_ca_mode.py:140: Login failed - skipping tests</skipped></testcase><testcase classname="tests.test_reports_ca_mode.TestReportsAndCAMode" name="test_cash_flow_report_has_account_breakdown" time="0.030"><skipped type="pytest.skip" message="Login failed - skipping tests">/app/tests/test_reports_ca_mode.py:153: Login failed - skipping tests</skipped></testcase><testcase classname="tests.test_reports_ca_mode.TestReportsAndCAMode" name="test_cash_flow_report_has_project_cash_flow" time="0.035"><skipped type="pytest.skip" message="Login failed - skipping tests">/app/tests/test_reports_ca_mode.py:173: Login failed - skipping tests</skipped></testcase><testcase classname="tests.test_reports_ca_mode.TestReportsAndCAMode" name="test_cash_flow_report_unauthenticated" time="0.033"><skipped type="pytest.skip" message="Login failed - skipping tests">/app/tests/test_reports_ca_mode.py:195: Login failed - skipping tests</skipped></testcase><testcase classname="tests.test_reports_ca_mode.TestReportsAndCAMode" name="test_project_profitability_report_default" time="0.036"><skipped type="pytest.skip" message="Login failed - skipping tests">/app/tests/test_reports_ca_mode.py:204: Login failed - skipping tests</skipped></testcase><testcase classname="tests.test_reports_ca_mode.TestReportsAndCAMode" name="test_project_profitability_report_filter_by_stage" time="0.037"><skipped type="pytest.skip" message="Login failed - skipping tests">/app/tests/test_reports_ca_mode.py:230: Login failed - skipping tests</skipped></testcase><testcase classname="tests.test_reports_ca_mode.TestReportsAndCAMode" name="test_project_profitability_report_filter_profitable_only" time="0.032"><skipped type="pytest.skip" message="Login failed - skipping tests">/app/tests/test_reports_ca_mode.py:241: Login failed - skipping tests</skipped></testcase><testcase classname="tests.test_reports_ca_mode.TestReportsAndCAMode" name="test_project_profitability_report_filter_loss_only" time="0.033"><skipped type="pytest.skip" message="Login failed - skipping tests">/app/tests/test_reports_ca_mode.py:257: Login failed - skipping tests</skipped></testcase><testcase classname="tests.test_reports_ca_mode.TestReportsAndCAMode" name="test_project_profitability_report_sort_by_margin" time="0.041"><skipped type="pytest.skip" message="Login failed - skipping tests">/app/tests/test_reports_ca_mode.py:273: Login failed - skipping tests</skipped></testcase><testcase classname="tests.test_reports_ca_mode.TestReportsAndCAMode" name="test_project_profitability_report_sort_by_profit" time="0.032"><skipped type="pytest.skip" message="Login failed - skipping tests">/app/tests/test_reports_ca_mode.py:293: Login failed - skipping tests</skipped></testcase><testcase classname="tests.test_reports_ca_mode.TestReportsAndCAMode" name="test_project_profitability_report_project_structure" time="0.032"><skipped type="pytest.skip" message="Login failed - skipping tests">/app/tests/test_reports_ca_mode.py:306: Login failed - skipping tests</skipped></testcase><testcase classname="tests.test_reports_ca_mode.TestReportsAndCAMode" name="test_project_profitability_report_top_profitable" time="0.030"><skipped type="pytest.skip" message="Login failed - skipping tests">/app/tests/test_reports_ca_mode.py:331: Login failed - skipping tests</skipped></testcase><testcase classname="tests.test_reports_ca_mode.TestReportsAndCAMode" name="test_project_profitability_report_top_loss" time="0.034"><skipped type="pytest.skip" message="Login failed - skipping tests">/app/tests/test_reports_ca_mode.py:343: Login failed - skipping tests</skipped></testcase><testcase classname="tests.test_reports_ca_mode.TestReportsAndCAMode" name="test_project_profitability_report_unauthenticated" time="0.032"><skipped type="pytest.skip" message="Login failed - skipping tests">/app/tests/test_reports_ca_mode.py:358: Login failed - skipping tests</skipped></testcase><testcase classname="tests.test_reports_ca_mode.TestReportsAndCAMode" name="test_ca_role_exists_in_valid_roles" time="0.033"><skipped type="pytest.skip" message="Login failed - skipping tests">/app/tests/test_reports_ca_mode.py:367: Login failed - skipping tests</skipped></testcase><testcase classname="tests.test_reports_ca_mode.TestReportsAndCAMode" name="test_ca_role_permissions" time="0.031"><skipped type="pytest.skip" message="Login failed - skipping tests">/app/tests/test_reports_ca_mode.py:385: Login failed - skipping tests</skipped></testcase><testcase classname="tests.test_reports_ca_mode.TestReportsAndCAMode" name="test_ca_user_invite" time="0.033"><skipped type="pytest.skip" message="Login failed - skipping tests">/app/tests/test_reports_ca_mode.py:407: Login failed - skipping tests</skipped></testcase><testcase classname="tests.test_reports_ca_mode.TestExportFromReports" name="test_export_cashbook_from_cash_flow_report" time="0.036"><skipped type="pytest.skip" message="Login failed - skipping tests">/app/tests/test_reports_ca_mode.py:452: Login failed - skipping tests</skipped></testcase><testcase classname="tests.test_reports_ca_mode.TestExportFromReports" name="test_export_project_finance_from_profitability_report" time="0.032"><skipped type="pytest.skip" message="Login failed - skipping tests">/app/tests/test_reports_ca_mode.py:465: Login failed - skipping tests</skipped></testcase></testsuite></testsuites>