<?xml version="1.0" encoding="utf-8"?><testsuites name="pytest tests"><testsuite name="pytest" errors="0" failures="0" skipped="0" tests="24" time="0.690" timestamp="2026-01-11T05:01:35.749886+00:00" hostname="agent-env-d50519d6-6ab3-40f5-8d8d-5d643ef61305"><testcase classname="tests.test_roles_permissions.TestRolesAvailableEndpoint" name="test_get_available_roles_returns_200" time="0.090" /><testcase classname="tests.test_roles_permissions.TestRolesAvailableEndpoint" name="test_get_available_roles_returns_roles_list" time="0.009" /><testcase classname="tests.test_roles_permissions.TestRolesAvailableEndpoint" name="test_get_available_roles_returns_categories" time="0.014" /><testcase classname="tests.test_roles_permissions.TestRolesAvailableEndpoint" name="test_finance_roles_present" time="0.011" /><testcase classname="tests.test_roles_permissions.TestRolesAvailableEndpoint" name="test_crm_roles_still_present" time="0.009" /><testcase classname="tests.test_roles_permissions.TestRolesAvailableEndpoint" name="test_roles_have_required_fields" time="0.008" /><testcase classname="tests.test_roles_permissions.TestRolesAvailableEndpoint" name="test_finance_roles_have_correct_category" time="0.011" /><testcase classname="tests.test_roles_permissions.TestDefaultPermissionsEndpoint" name="test_junior_accountant_permissions" time="0.014" /><testcase classname="tests.test_roles_permissions.TestDefaultPermissionsEndpoint" name="test_senior_accountant_permissions" time="0.050" /><testcase classname="tests.test_roles_permissions.TestDefaultPermissionsEndpoint" name="test_finance_manager_permissions" time="0.008" /><testcase classname="tests.test_roles_permissions.TestDefaultPermissionsEndpoint" name="test_chartered_accountant_read_only" time="0.009" /><testcase classname="tests.test_roles_permissions.TestDefaultPermissionsEndpoint" name="test_founder_permissions" time="0.050" /><testcase classname="tests.test_roles_permissions.TestDefaultPermissionsEndpoint" name="test_invalid_role_returns_404" time="0.006" /><testcase classname="tests.test_roles_permissions.TestDefaultPermissionsEndpoint" name="test_crm_roles_permissions_unchanged" time="0.056" /><testcase classname="tests.test_roles_permissions.TestPermissionsAvailableEndpoint" name="test_get_permissions_returns_200" time="0.021" /><testcase classname="tests.test_roles_permissions.TestPermissionsAvailableEndpoint" name="test_permissions_contains_finance_groups" time="0.010" /><testcase classname="tests.test_roles_permissions.TestPermissionsAvailableEndpoint" name="test_finance_cashbook_permissions" time="0.010" /><testcase classname="tests.test_roles_permissions.TestPermissionsAvailableEndpoint" name="test_finance_controls_permissions" time="0.010" /><testcase classname="tests.test_roles_permissions.TestPermissionsAvailableEndpoint" name="test_legacy_finance_permissions_present" time="0.012" /><testcase classname="tests.test_roles_permissions.TestPermissionsAvailableEndpoint" name="test_crm_permissions_untouched" time="0.010" /><testcase classname="tests.test_roles_permissions.TestPermissionsAvailableEndpoint" name="test_response_includes_available_roles" time="0.008" /><testcase classname="tests.test_roles_permissions.TestUnauthenticatedAccess" name="test_roles_available_requires_auth" time="0.040" /><testcase classname="tests.test_roles_permissions.TestUnauthenticatedAccess" name="test_default_permissions_requires_auth" time="0.039" /><testcase classname="tests.test_roles_permissions.TestUnauthenticatedAccess" name="test_permissions_available_requires_auth" time="0.043" /></testsuite></testsuites>