<?xml version="1.0" encoding="utf-8"?><testsuites name="pytest tests"><testsuite name="pytest" errors="0" failures="0" skipped="0" tests="15" time="1.431" timestamp="2026-01-11T07:41:39.652005+00:00" hostname="agent-env-acc9e8de-4d8a-4d6e-ba48-15f9f57fcb26"><testcase classname="tests.test_salary_ladder_promotion.TestSalaryLadderConfiguration" name="test_get_salary_ladder_returns_default_or_configured" time="0.111" /><testcase classname="tests.test_salary_ladder_promotion.TestSalaryLadderConfiguration" name="test_update_salary_ladder_configuration" time="0.129" /><testcase classname="tests.test_salary_ladder_promotion.TestSalaryLadderConfiguration" name="test_salary_ladder_unauthenticated_access" time="0.078" /><testcase classname="tests.test_salary_ladder_promotion.TestSalaryPromoteWithHistory" name="test_promote_employee_salary_with_history" time="0.114" /><testcase classname="tests.test_salary_ladder_promotion.TestSalaryPromoteWithHistory" name="test_promote_with_invalid_reason" time="0.096" /><testcase classname="tests.test_salary_ladder_promotion.TestSalaryPromoteWithHistory" name="test_promote_nonexistent_employee" time="0.091" /><testcase classname="tests.test_salary_ladder_promotion.TestSalaryChangeHistory" name="test_get_salary_history_returns_audit_trail" time="0.061" /><testcase classname="tests.test_salary_ladder_promotion.TestSalaryChangeHistory" name="test_salary_history_unauthenticated" time="0.070" /><testcase classname="tests.test_salary_ladder_promotion.TestPromotionEligibilityConfig" name="test_get_promotion_config_returns_thresholds" time="0.044" /><testcase classname="tests.test_salary_ladder_promotion.TestPromotionEligibilityConfig" name="test_update_promotion_config" time="0.147" /><testcase classname="tests.test_salary_ladder_promotion.TestPromotionEligibilityOverview" name="test_get_promotion_eligibility_overview" time="0.085" /><testcase classname="tests.test_salary_ladder_promotion.TestPromotionEligibilityOverview" name="test_promotion_eligibility_overview_unauthenticated" time="0.075" /><testcase classname="tests.test_salary_ladder_promotion.TestEmployeePromotionEligibility" name="test_get_employee_promotion_eligibility" time="0.141" /><testcase classname="tests.test_salary_ladder_promotion.TestEmployeePromotionEligibility" name="test_get_nonexistent_employee_eligibility" time="0.044" /><testcase classname="tests.test_salary_ladder_promotion.TestAllPromotionEligibility" name="test_get_all_promotion_eligibility" time="0.090" /></testsuite></testsuites>