<?xml version="1.0" encoding="utf-8"?><testsuites name="pytest tests"><testsuite name="pytest" errors="0" failures="1" skipped="0" tests="15" time="1.458" timestamp="2026-01-11T07:40:13.586804+00:00" hostname="agent-env-acc9e8de-4d8a-4d6e-ba48-15f9f57fcb26"><testcase classname="tests.test_salary_ladder_promotion.TestSalaryLadderConfiguration" name="test_get_salary_ladder_returns_default_or_configured" time="0.085" /><testcase classname="tests.test_salary_ladder_promotion.TestSalaryLadderConfiguration" name="test_update_salary_ladder_configuration" time="0.147" /><testcase classname="tests.test_salary_ladder_promotion.TestSalaryLadderConfiguration" name="test_salary_ladder_unauthenticated_access" time="0.079" /><testcase classname="tests.test_salary_ladder_promotion.TestSalaryPromoteWithHistory" name="test_promote_employee_salary_with_history" time="0.180" /><testcase classname="tests.test_salary_ladder_promotion.TestSalaryPromoteWithHistory" name="test_promote_with_invalid_reason" time="0.094" /><testcase classname="tests.test_salary_ladder_promotion.TestSalaryPromoteWithHistory" name="test_promote_nonexistent_employee" time="0.046" /><testcase classname="tests.test_salary_ladder_promotion.TestSalaryChangeHistory" name="test_get_salary_history_returns_audit_trail" time="0.062" /><testcase classname="tests.test_salary_ladder_promotion.TestSalaryChangeHistory" name="test_salary_history_unauthenticated" time="0.072" /><testcase classname="tests.test_salary_ladder_promotion.TestPromotionEligibilityConfig" name="test_get_promotion_config_returns_thresholds" time="0.044" /><testcase classname="tests.test_salary_ladder_promotion.TestPromotionEligibilityConfig" name="test_update_promotion_config" time="0.131" /><testcase classname="tests.test_salary_ladder_promotion.TestPromotionEligibilityOverview" name="test_get_promotion_eligibility_overview" time="0.088"><failure message="AssertionError: Expected 200, got 404: {&quot;detail&quot;:&quot;Employee salary record not found&quot;}&#10;assert 404 == 200&#10; +  where 404 = &lt;Response [404]&gt;.status_code">tests/test_salary_ladder_promotion.py:371: in test_get_promotion_eligibility_overview
    assert response.status_code == 200, f"Expected 200, got {response.status_code}: {response.text}"
E   AssertionError: Expected 200, got 404: {"detail":"Employee salary record not found"}
E   assert 404 == 200
E    +  where 404 = &lt;Response [404]&gt;.status_code</failure></testcase><testcase classname="tests.test_salary_ladder_promotion.TestPromotionEligibilityOverview" name="test_promotion_eligibility_overview_unauthenticated" time="0.076" /><testcase classname="tests.test_salary_ladder_promotion.TestEmployeePromotionEligibility" name="test_get_employee_promotion_eligibility" time="0.103" /><testcase classname="tests.test_salary_ladder_promotion.TestEmployeePromotionEligibility" name="test_get_nonexistent_employee_eligibility" time="0.084" /><testcase classname="tests.test_salary_ladder_promotion.TestAllPromotionEligibility" name="test_get_all_promotion_eligibility" time="0.050" /></testsuite></testsuites>