<?xml version="1.0" encoding="utf-8"?><testsuites name="pytest tests"><testsuite name="pytest" errors="0" failures="5" skipped="1" tests="28" time="1.205" timestamp="2026-01-11T07:01:42.569561+00:00" hostname="agent-env-acc9e8de-4d8a-4d6e-ba48-15f9f57fcb26"><testcase classname="tests.test_salary_module.TestSalaryModuleAuth" name="test_auth_me_returns_user" time="0.094" /><testcase classname="tests.test_salary_module.TestSalaryEndpoints" name="test_get_salaries_returns_200" time="0.053" /><testcase classname="tests.test_salary_module.TestSalaryEndpoints" name="test_get_salaries_structure" time="0.052" /><testcase classname="tests.test_salary_module.TestSalaryEndpoints" name="test_get_salary_summary_returns_200" time="0.013" /><testcase classname="tests.test_salary_module.TestSalaryEndpoints" name="test_salary_summary_has_risk_status" time="0.053" /><testcase classname="tests.test_salary_module.TestSalaryEndpoints" name="test_salary_summary_has_budget_info" time="0.012" /><testcase classname="tests.test_salary_module.TestSalaryEndpoints" name="test_get_salary_cycles_returns_200" time="0.015" /><testcase classname="tests.test_salary_module.TestSalaryEndpoints" name="test_salary_cycles_structure" time="0.012" /><testcase classname="tests.test_salary_module.TestSalaryEndpoints" name="test_get_employees_for_salary_returns_200" time="0.010" /><testcase classname="tests.test_salary_module.TestSalaryEndpoints" name="test_employees_for_salary_structure" time="0.012" /><testcase classname="tests.test_salary_module.TestSalaryCRUDOperations" name="test_create_salary_validation" time="0.051" /><testcase classname="tests.test_salary_module.TestSalaryCRUDOperations" name="test_create_salary_invalid_payment_type" time="0.066" /><testcase classname="tests.test_salary_module.TestSalaryCRUDOperations" name="test_create_salary_for_new_employee" time="0.076" /><testcase classname="tests.test_salary_module.TestSalaryCRUDOperations" name="test_get_salary_detail" time="0.011" /><testcase classname="tests.test_salary_module.TestSalaryCRUDOperations" name="test_get_salary_history" time="0.053"><failure message="AssertionError: assert 'payments' in {'cycles': [], 'payments_by_month': {}, 'salary_master': {'activity_log': [{'action': 'created', 'at': '2026-01-11T07:01:43.122138+00:00', 'by_id': 'local_admin_63dbaba4', 'by_name': 'Thaha Pakayil', ...}], 'created_at': '2026-01-11T07:01:43.122000', 'created_by': 'local_admin_63dbaba4', 'created_by_name': 'Thaha Pakayil', ...}, 'total_payments': 0}">tests/test_salary_module.py:330: in test_get_salary_history
    assert "payments" in data
E   AssertionError: assert 'payments' in {'cycles': [], 'payments_by_month': {}, 'salary_master': {'activity_log': [{'action': 'created', 'at': '2026-01-11T07:01:43.122138+00:00', 'by_id': 'local_admin_63dbaba4', 'by_name': 'Thaha Pakayil', ...}], 'created_at': '2026-01-11T07:01:43.122000', 'created_by': 'local_admin_63dbaba4', 'created_by_name': 'Thaha Pakayil', ...}, 'total_payments': 0}</failure></testcase><testcase classname="tests.test_salary_module.TestSalaryPayments" name="test_create_salary_payment_validation" time="0.044" /><testcase classname="tests.test_salary_module.TestSalaryPayments" name="test_create_advance_payment" time="0.072"><failure message="assert 404 in [200, 201]&#10; +  where 404 = &lt;Response [404]&gt;.status_code">tests/test_salary_module.py:406: in test_create_advance_payment
    assert response.status_code in [200, 201]
E   assert 404 in [200, 201]
E    +  where 404 = &lt;Response [404]&gt;.status_code</failure></testcase><testcase classname="tests.test_salary_module.TestSalaryPayments" name="test_create_salary_payment" time="0.011"><failure message="assert 404 in [200, 201]&#10; +  where 404 = &lt;Response [404]&gt;.status_code">tests/test_salary_module.py:430: in test_create_salary_payment
    assert response.status_code in [200, 201]
E   assert 404 in [200, 201]
E    +  where 404 = &lt;Response [404]&gt;.status_code</failure></testcase><testcase classname="tests.test_salary_module.TestSalaryPayments" name="test_payment_creates_cashbook_entry" time="0.011"><failure message="assert 404 in [200, 201]&#10; +  where 404 = &lt;Response [404]&gt;.status_code">tests/test_salary_module.py:454: in test_payment_creates_cashbook_entry
    assert payment_response.status_code in [200, 201]
E   assert 404 in [200, 201]
E    +  where 404 = &lt;Response [404]&gt;.status_code</failure></testcase><testcase classname="tests.test_salary_module.TestSalaryCycleOperations" name="test_close_cycle_nonexistent" time="0.044" /><testcase classname="tests.test_salary_module.TestSalaryCycleOperations" name="test_close_cycle_validation" time="0.008"><skipped type="pytest.skip" message="No open cycles to test">/app/tests/test_salary_module.py:507: No open cycles to test</skipped></testcase><testcase classname="tests.test_salary_module.TestSalaryExitProcess" name="test_exit_nonexistent_employee" time="0.047" /><testcase classname="tests.test_salary_module.TestSalaryExitProcess" name="test_exit_requires_date" time="0.062" /><testcase classname="tests.test_salary_module.TestUnauthenticatedAccess" name="test_salaries_requires_auth" time="0.031" /><testcase classname="tests.test_salary_module.TestUnauthenticatedAccess" name="test_salary_summary_requires_auth" time="0.037" /><testcase classname="tests.test_salary_module.TestUnauthenticatedAccess" name="test_salary_cycles_requires_auth" time="0.041" /><testcase classname="tests.test_salary_module.TestUnauthenticatedAccess" name="test_employees_for_salary_requires_auth" time="0.032" /><testcase classname="tests.test_salary_module.TestUnauthenticatedAccess" name="test_salary_payments_requires_auth" time="0.036"><failure message="assert 422 == 401&#10; +  where 422 = &lt;Response [422]&gt;.status_code">tests/test_salary_module.py:591: in test_salary_payments_requires_auth
    assert response.status_code == 401
E   assert 422 == 401
E    +  where 422 = &lt;Response [422]&gt;.status_code</failure></testcase></testsuite></testsuites>